\BOOKMARK [1][-]{section.1}{Introduction}{}% 1
\BOOKMARK [1][-]{section.2}{Governing Equations}{}% 2
\BOOKMARK [1][-]{section.3}{Numerics}{}% 3
\BOOKMARK [2][-]{subsection.3.1}{Flux Reconstruction Method}{section.3}% 4
\BOOKMARK [3][-]{subsubsection.3.1.1}{Solution of the Advection Equation in One Dimension using the FR Approach}{subsection.3.1}% 5
\BOOKMARK [2][-]{subsection.3.2}{Unstructured Mesh Treatment}{section.3}% 6
\BOOKMARK [2][-]{subsection.3.3}{Time Stepping and p-multigrid}{section.3}% 7
\BOOKMARK [2][-]{subsection.3.4}{Large Eddy Simulation Models}{section.3}% 8
\BOOKMARK [2][-]{subsection.3.5}{Computing Architecture and Scalability}{section.3}% 9
\BOOKMARK [2][-]{subsection.3.6}{Shock capturing and Stabilization Models}{section.3}% 10
\BOOKMARK [1][-]{section.4}{Verification}{}% 11
\BOOKMARK [2][-]{subsection.4.1}{Method of Manufactured Solutions}{section.4}% 12
\BOOKMARK [1][-]{section.5}{Validation \(Preliminary results\)}{}% 13
\BOOKMARK [2][-]{subsection.5.1}{Flat Plate}{section.5}% 14
\BOOKMARK [2][-]{subsection.5.2}{Circular Cylinder}{section.5}% 15
\BOOKMARK [2][-]{subsection.5.3}{SD7003 airfoil at 4 \040angle of attack}{section.5}% 16
\BOOKMARK [2][-]{subsection.5.4}{SD7003 wing section at 4 \040angle of attack}{section.5}% 17
\BOOKMARK [2][-]{subsection.5.5}{DNS/LES of the Taylor-Green Vortex at Re = 1,600}{section.5}% 18
\BOOKMARK [2][-]{subsection.5.6}{DNS of Decaying Homogeneous Turbulence}{section.5}% 19
\BOOKMARK [2][-]{subsection.5.7}{LES of Decaying Homogeneous Turbulence}{section.5}% 20
